{
  "stats": {
    "suites": 5,
    "tests": 11,
    "passes": 11,
    "pending": 0,
    "failures": 0,
    "start": "2021-11-24T20:09:10.554Z",
    "end": "2021-11-24T20:15:16.697Z",
    "duration": 322559,
    "testsRegistered": 11,
    "passPercent": 100,
    "pendingPercent": 0,
    "other": 0,
    "hasOther": false,
    "skipped": 0,
    "hasSkipped": false
  },
  "results": [
    {
      "uuid": "b5bf8026-106c-4c07-8dbf-8e275f4ecca0",
      "title": "",
      "fullFile": "cypress/integration/01-cdusuario.spec.js",
      "file": "cypress/integration/01-cdusuario.spec.js",
      "beforeHooks": [],
      "afterHooks": [],
      "tests": [],
      "suites": [
        {
          "uuid": "1d1afdc2-1fd2-4dc4-b17b-e58ca5eb3e3c",
          "title": "Testes Front Mercado Online - CADASTRO DE USUARIO",
          "fullFile": "",
          "file": "",
          "beforeHooks": [],
          "afterHooks": [],
          "tests": [],
          "suites": [
            {
              "uuid": "54908f0c-af9d-4052-be13-16279062e5c6",
              "title": "Testes cadastro de usuário/Positivos",
              "fullFile": "",
              "file": "",
              "beforeHooks": [],
              "afterHooks": [],
              "tests": [
                {
                  "title": "Deve verificar se os campos para cadastro de pessoa física estão adequados",
                  "fullTitle": "Testes Front Mercado Online - CADASTRO DE USUARIO Testes cadastro de usuário/Positivos Deve verificar se os campos para cadastro de pessoa física estão adequados",
                  "timedOut": null,
                  "duration": 47088,
                  "state": "passed",
                  "speed": "slow",
                  "pass": true,
                  "fail": false,
                  "pending": false,
                  "context": null,
                  "code": "_mercado_cdusuario.default.verificarCadastroPessoaFisica();",
                  "err": {},
                  "uuid": "24e38257-3f15-47eb-b407-90e616ac80ab",
                  "parentUUID": "54908f0c-af9d-4052-be13-16279062e5c6",
                  "isHook": false,
                  "skipped": false
                },
                {
                  "title": "Deve realizar o cadastro de uma pessoa física com sucesso",
                  "fullTitle": "Testes Front Mercado Online - CADASTRO DE USUARIO Testes cadastro de usuário/Positivos Deve realizar o cadastro de uma pessoa física com sucesso",
                  "timedOut": null,
                  "duration": 48763,
                  "state": "passed",
                  "speed": "slow",
                  "pass": true,
                  "fail": false,
                  "pending": false,
                  "context": null,
                  "code": "_mercado_cdusuario.default.realizarCadastroPessoaFisica();\ncy.wait(5000);",
                  "err": {},
                  "uuid": "bbaf93a6-5a28-4095-ab9e-ce6531c9783e",
                  "parentUUID": "54908f0c-af9d-4052-be13-16279062e5c6",
                  "isHook": false,
                  "skipped": false
                }
              ],
              "suites": [],
              "passes": [
                "24e38257-3f15-47eb-b407-90e616ac80ab",
                "bbaf93a6-5a28-4095-ab9e-ce6531c9783e"
              ],
              "failures": [],
              "pending": [],
              "skipped": [],
              "duration": 95851,
              "root": false,
              "rootEmpty": false,
              "_timeout": 2000
            },
            {
              "uuid": "cd2faa4c-70d0-41d0-bf51-5b43e5269235",
              "title": "Testes cadastro de usuário/Negativos",
              "fullFile": "",
              "file": "",
              "beforeHooks": [],
              "afterHooks": [],
              "tests": [
                {
                  "title": "Deve realizar o cadastro de uma pessoa com cpf inválido",
                  "fullTitle": "Testes Front Mercado Online - CADASTRO DE USUARIO Testes cadastro de usuário/Negativos Deve realizar o cadastro de uma pessoa com cpf inválido",
                  "timedOut": null,
                  "duration": 11626,
                  "state": "passed",
                  "speed": "slow",
                  "pass": true,
                  "fail": false,
                  "pending": false,
                  "context": null,
                  "code": "_mercado_cdusuario.default.campoCpfInvalido();",
                  "err": {},
                  "uuid": "965efa20-360b-497c-a804-87c4b7e8bd1d",
                  "parentUUID": "cd2faa4c-70d0-41d0-bf51-5b43e5269235",
                  "isHook": false,
                  "skipped": false
                }
              ],
              "suites": [],
              "passes": [
                "965efa20-360b-497c-a804-87c4b7e8bd1d"
              ],
              "failures": [],
              "pending": [],
              "skipped": [],
              "duration": 11626,
              "root": false,
              "rootEmpty": false,
              "_timeout": 2000
            }
          ],
          "passes": [],
          "failures": [],
          "pending": [],
          "skipped": [],
          "duration": 0,
          "root": false,
          "rootEmpty": false,
          "_timeout": 2000
        }
      ],
      "passes": [],
      "failures": [],
      "pending": [],
      "skipped": [],
      "duration": 0,
      "root": true,
      "rootEmpty": true,
      "_timeout": 2000
    },
    {
      "uuid": "b07fa2b0-f609-487e-a244-4ff6cfc1228a",
      "title": "",
      "fullFile": "cypress/integration/02-endereco.spec.js",
      "file": "cypress/integration/02-endereco.spec.js",
      "beforeHooks": [],
      "afterHooks": [],
      "tests": [],
      "suites": [
        {
          "uuid": "bb711dd5-20f6-45a0-89d4-6d6c508cbcad",
          "title": "Testes Front Mercado Online - CADASTRAO DE ENDERECOS",
          "fullFile": "",
          "file": "",
          "beforeHooks": [],
          "afterHooks": [],
          "tests": [],
          "suites": [
            {
              "uuid": "614c6c9a-744e-403e-9ee7-b77283fe2288",
              "title": "Testes cadastro de enderecos/Positivos",
              "fullFile": "",
              "file": "",
              "beforeHooks": [],
              "afterHooks": [],
              "tests": [
                {
                  "title": "Deve adicionar um endereco com sucesso",
                  "fullTitle": "Testes Front Mercado Online - CADASTRAO DE ENDERECOS Testes cadastro de enderecos/Positivos Deve adicionar um endereco com sucesso",
                  "timedOut": null,
                  "duration": 29769,
                  "state": "passed",
                  "speed": "slow",
                  "pass": true,
                  "fail": false,
                  "pending": false,
                  "context": null,
                  "code": "_mercado_endereco.default.verificaEndereco();\n_mercado_endereco.default.cadastroEndereco();",
                  "err": {},
                  "uuid": "d1992ea6-4321-4a2c-b33f-a4c8055ea90f",
                  "parentUUID": "614c6c9a-744e-403e-9ee7-b77283fe2288",
                  "isHook": false,
                  "skipped": false
                }
              ],
              "suites": [],
              "passes": [
                "d1992ea6-4321-4a2c-b33f-a4c8055ea90f"
              ],
              "failures": [],
              "pending": [],
              "skipped": [],
              "duration": 29769,
              "root": false,
              "rootEmpty": false,
              "_timeout": 2000
            },
            {
              "uuid": "544a5b72-c75f-4417-8fc2-aa09f1b7b8d7",
              "title": "Testes cadastro de enderecos/Negativos",
              "fullFile": "",
              "file": "",
              "beforeHooks": [],
              "afterHooks": [],
              "tests": [
                {
                  "title": "Deve adicionar um endereco com cep invalido",
                  "fullTitle": "Testes Front Mercado Online - CADASTRAO DE ENDERECOS Testes cadastro de enderecos/Negativos Deve adicionar um endereco com cep invalido",
                  "timedOut": null,
                  "duration": 24672,
                  "state": "passed",
                  "speed": "slow",
                  "pass": true,
                  "fail": false,
                  "pending": false,
                  "context": null,
                  "code": "_mercado_endereco.default.verificaEndereco();\n_mercado_endereco.default.cadastroEnderecoInvalido();",
                  "err": {},
                  "uuid": "e4af624b-7635-4c17-b154-bbff8b5483d3",
                  "parentUUID": "544a5b72-c75f-4417-8fc2-aa09f1b7b8d7",
                  "isHook": false,
                  "skipped": false
                }
              ],
              "suites": [],
              "passes": [
                "e4af624b-7635-4c17-b154-bbff8b5483d3"
              ],
              "failures": [],
              "pending": [],
              "skipped": [],
              "duration": 24672,
              "root": false,
              "rootEmpty": false,
              "_timeout": 2000
            }
          ],
          "passes": [],
          "failures": [],
          "pending": [],
          "skipped": [],
          "duration": 0,
          "root": false,
          "rootEmpty": false,
          "_timeout": 2000
        }
      ],
      "passes": [],
      "failures": [],
      "pending": [],
      "skipped": [],
      "duration": 0,
      "root": true,
      "rootEmpty": true,
      "_timeout": 2000
    },
    {
      "uuid": "ee18abfc-ddfc-42d1-aaa2-a36e2a29ff61",
      "title": "",
      "fullFile": "cypress/integration/03-login.spec.js",
      "file": "cypress/integration/03-login.spec.js",
      "beforeHooks": [],
      "afterHooks": [],
      "tests": [],
      "suites": [
        {
          "uuid": "d5b46c0d-5e7b-40ce-98d5-6592ec9460d8",
          "title": "Testes Front Mercado Online - LOGIN",
          "fullFile": "",
          "file": "",
          "beforeHooks": [],
          "afterHooks": [],
          "tests": [],
          "suites": [
            {
              "uuid": "b5c6a9b2-2bf1-422a-9e16-fba372844b69",
              "title": "Testes de login/Positivos",
              "fullFile": "",
              "file": "",
              "beforeHooks": [],
              "afterHooks": [],
              "tests": [
                {
                  "title": "Deve realizar login no sistema com sucesso",
                  "fullTitle": "Testes Front Mercado Online - LOGIN Testes de login/Positivos Deve realizar login no sistema com sucesso",
                  "timedOut": null,
                  "duration": 12231,
                  "state": "passed",
                  "speed": "slow",
                  "pass": true,
                  "fail": false,
                  "pending": false,
                  "context": null,
                  "code": "_mercado_login.default.verificarLogin();\n_mercado_login.default.realizarLogin();",
                  "err": {},
                  "uuid": "2cf22555-b9ac-4738-b1b8-702d4df0dfce",
                  "parentUUID": "b5c6a9b2-2bf1-422a-9e16-fba372844b69",
                  "isHook": false,
                  "skipped": false
                }
              ],
              "suites": [],
              "passes": [
                "2cf22555-b9ac-4738-b1b8-702d4df0dfce"
              ],
              "failures": [],
              "pending": [],
              "skipped": [],
              "duration": 12231,
              "root": false,
              "rootEmpty": false,
              "_timeout": 2000
            },
            {
              "uuid": "d7525f87-0f04-454b-a83d-8cc1f48344c4",
              "title": "Testes de login/Negativos",
              "fullFile": "",
              "file": "",
              "beforeHooks": [],
              "afterHooks": [],
              "tests": [
                {
                  "title": "Deve realizar login no sistema com usuário inexistente",
                  "fullTitle": "Testes Front Mercado Online - LOGIN Testes de login/Negativos Deve realizar login no sistema com usuário inexistente",
                  "timedOut": null,
                  "duration": 10323,
                  "state": "passed",
                  "speed": "slow",
                  "pass": true,
                  "fail": false,
                  "pending": false,
                  "context": null,
                  "code": "_mercado_login.default.falhaLogin();",
                  "err": {},
                  "uuid": "3ff8401d-014e-48e7-8372-f9ef9b8541b2",
                  "parentUUID": "d7525f87-0f04-454b-a83d-8cc1f48344c4",
                  "isHook": false,
                  "skipped": false
                }
              ],
              "suites": [],
              "passes": [
                "3ff8401d-014e-48e7-8372-f9ef9b8541b2"
              ],
              "failures": [],
              "pending": [],
              "skipped": [],
              "duration": 10323,
              "root": false,
              "rootEmpty": false,
              "_timeout": 2000
            }
          ],
          "passes": [],
          "failures": [],
          "pending": [],
          "skipped": [],
          "duration": 0,
          "root": false,
          "rootEmpty": false,
          "_timeout": 2000
        }
      ],
      "passes": [],
      "failures": [],
      "pending": [],
      "skipped": [],
      "duration": 0,
      "root": true,
      "rootEmpty": true,
      "_timeout": 2000
    },
    {
      "uuid": "7bf3dea7-5de5-4fe7-aaa0-a248098b61e0",
      "title": "",
      "fullFile": "cypress/integration/04-carrinho.spec.js",
      "file": "cypress/integration/04-carrinho.spec.js",
      "beforeHooks": [],
      "afterHooks": [],
      "tests": [],
      "suites": [
        {
          "uuid": "5a8a7a56-da7e-4efd-8098-ca8aad61274f",
          "title": "Testes Front Mercado Online - CARRINHO",
          "fullFile": "",
          "file": "",
          "beforeHooks": [],
          "afterHooks": [],
          "tests": [],
          "suites": [
            {
              "uuid": "2d9a7ada-5810-44cb-8e90-aaafe76f2880",
              "title": "Testes de carrinho/Positivos",
              "fullFile": "",
              "file": "",
              "beforeHooks": [],
              "afterHooks": [],
              "tests": [
                {
                  "title": "Deve adicionar itens ao carrinho e realizar validações no modal e na página do carrinho com sucesso",
                  "fullTitle": "Testes Front Mercado Online - CARRINHO Testes de carrinho/Positivos Deve adicionar itens ao carrinho e realizar validações no modal e na página do carrinho com sucesso",
                  "timedOut": null,
                  "duration": 33797,
                  "state": "passed",
                  "speed": "slow",
                  "pass": true,
                  "fail": false,
                  "pending": false,
                  "context": null,
                  "code": "_mercado_carrinho.default.adicionarItemCarrinho();\n_mercado_carrinho.default.modalCarrinho();\n_mercado_carrinho.default.paginaCarrinho();",
                  "err": {},
                  "uuid": "29bcfee2-16a9-40a5-82ac-66a2f60180a9",
                  "parentUUID": "2d9a7ada-5810-44cb-8e90-aaafe76f2880",
                  "isHook": false,
                  "skipped": false
                }
              ],
              "suites": [],
              "passes": [
                "29bcfee2-16a9-40a5-82ac-66a2f60180a9"
              ],
              "failures": [],
              "pending": [],
              "skipped": [],
              "duration": 33797,
              "root": false,
              "rootEmpty": false,
              "_timeout": 2000
            },
            {
              "uuid": "0e71eef6-b006-4cb6-8391-c8b85d7a69eb",
              "title": "Testes de carrinho/Negativos",
              "fullFile": "",
              "file": "",
              "beforeHooks": [],
              "afterHooks": [],
              "tests": [
                {
                  "title": "Deve adicionar itens ao carrinho e inserir um CEP inválido no frete",
                  "fullTitle": "Testes Front Mercado Online - CARRINHO Testes de carrinho/Negativos Deve adicionar itens ao carrinho e inserir um CEP inválido no frete",
                  "timedOut": null,
                  "duration": 24422,
                  "state": "passed",
                  "speed": "slow",
                  "pass": true,
                  "fail": false,
                  "pending": false,
                  "context": null,
                  "code": "_mercado_carrinho.default.compraCepInvalido();",
                  "err": {},
                  "uuid": "1cc90ff2-b149-42b5-86af-0fdc1f759547",
                  "parentUUID": "0e71eef6-b006-4cb6-8391-c8b85d7a69eb",
                  "isHook": false,
                  "skipped": false
                }
              ],
              "suites": [],
              "passes": [
                "1cc90ff2-b149-42b5-86af-0fdc1f759547"
              ],
              "failures": [],
              "pending": [],
              "skipped": [],
              "duration": 24422,
              "root": false,
              "rootEmpty": false,
              "_timeout": 2000
            }
          ],
          "passes": [],
          "failures": [],
          "pending": [],
          "skipped": [],
          "duration": 0,
          "root": false,
          "rootEmpty": false,
          "_timeout": 2000
        }
      ],
      "passes": [],
      "failures": [],
      "pending": [],
      "skipped": [],
      "duration": 0,
      "root": true,
      "rootEmpty": true,
      "_timeout": 2000
    },
    {
      "uuid": "aa109205-2bdf-4c3e-a2ea-da399b77d28c",
      "title": "",
      "fullFile": "cypress/integration/05-checkout.spec.js",
      "file": "cypress/integration/05-checkout.spec.js",
      "beforeHooks": [],
      "afterHooks": [],
      "tests": [],
      "suites": [
        {
          "uuid": "346cc82c-7721-42cf-b583-fc8a136ad5d6",
          "title": "Testes Front Mercado Online - CHECKOUT",
          "fullFile": "",
          "file": "",
          "beforeHooks": [],
          "afterHooks": [],
          "tests": [],
          "suites": [
            {
              "uuid": "f19448b9-8b4e-4096-8f81-5a3469e3d93c",
              "title": "Testes de checkout/Positivos",
              "fullFile": "",
              "file": "",
              "beforeHooks": [],
              "afterHooks": [],
              "tests": [
                {
                  "title": "Deve adicionar itens ao carrinho e realizar checkout com sucesso",
                  "fullTitle": "Testes Front Mercado Online - CHECKOUT Testes de checkout/Positivos Deve adicionar itens ao carrinho e realizar checkout com sucesso",
                  "timedOut": null,
                  "duration": 42605,
                  "state": "passed",
                  "speed": "slow",
                  "pass": true,
                  "fail": false,
                  "pending": false,
                  "context": null,
                  "code": "_mercado_checkout.default.finalizarCompra();\n_mercado_checkout.default.realizarCheckout();",
                  "err": {},
                  "uuid": "a56ea6c2-30de-4f79-beab-e99a36581691",
                  "parentUUID": "f19448b9-8b4e-4096-8f81-5a3469e3d93c",
                  "isHook": false,
                  "skipped": false
                }
              ],
              "suites": [],
              "passes": [
                "a56ea6c2-30de-4f79-beab-e99a36581691"
              ],
              "failures": [],
              "pending": [],
              "skipped": [],
              "duration": 42605,
              "root": false,
              "rootEmpty": false,
              "_timeout": 2000
            },
            {
              "uuid": "b414c673-dccf-433d-a95e-800efb1365f9",
              "title": "Testes de checkout/Negativos",
              "fullFile": "",
              "file": "",
              "beforeHooks": [],
              "afterHooks": [],
              "tests": [
                {
                  "title": "Deve adicionar itens ao carrinho e inserir email inexistente no checkout",
                  "fullTitle": "Testes Front Mercado Online - CHECKOUT Testes de checkout/Negativos Deve adicionar itens ao carrinho e inserir email inexistente no checkout",
                  "timedOut": null,
                  "duration": 37263,
                  "state": "passed",
                  "speed": "slow",
                  "pass": true,
                  "fail": false,
                  "pending": false,
                  "context": null,
                  "code": "_mercado_checkout.default.emailInexistente();",
                  "err": {},
                  "uuid": "497b1d27-0f3a-4620-9648-8318eee06fb0",
                  "parentUUID": "b414c673-dccf-433d-a95e-800efb1365f9",
                  "isHook": false,
                  "skipped": false
                }
              ],
              "suites": [],
              "passes": [
                "497b1d27-0f3a-4620-9648-8318eee06fb0"
              ],
              "failures": [],
              "pending": [],
              "skipped": [],
              "duration": 37263,
              "root": false,
              "rootEmpty": false,
              "_timeout": 2000
            }
          ],
          "passes": [],
          "failures": [],
          "pending": [],
          "skipped": [],
          "duration": 0,
          "root": false,
          "rootEmpty": false,
          "_timeout": 2000
        }
      ],
      "passes": [],
      "failures": [],
      "pending": [],
      "skipped": [],
      "duration": 0,
      "root": true,
      "rootEmpty": true,
      "_timeout": 2000
    }
  ],
  "meta": {
    "mocha": {
      "version": "7.0.1"
    },
    "mochawesome": {
      "options": {
        "quiet": false,
        "reportFilename": "mochawesome",
        "saveHtml": false,
        "saveJson": true,
        "consoleReporter": "spec",
        "useInlineDiffs": false,
        "code": true
      },
      "version": "7.0.1"
    },
    "marge": {
      "options": {
        "reportDir": "cypress/report/mochawesome-report",
        "overwrite": false,
        "html": false,
        "json": true,
        "timestamp": "yyyymmdd_HHMMss",
        "reportTitle": "Relatório",
        "cdn": true,
        "charts": true
      },
      "version": "6.0.1"
    }
  }
}