{
  "stats": {
    "suites": 3,
    "tests": 2,
    "passes": 2,
    "pending": 0,
    "failures": 0,
    "start": "2021-11-24T20:13:56.410Z",
    "end": "2021-11-24T20:15:16.697Z",
    "duration": 80287,
    "testsRegistered": 2,
    "passPercent": 100,
    "pendingPercent": 0,
    "other": 0,
    "hasOther": false,
    "skipped": 0,
    "hasSkipped": false
  },
  "results": [
    {
      "uuid": "aa109205-2bdf-4c3e-a2ea-da399b77d28c",
      "title": "",
      "fullFile": "cypress/integration/05-checkout.spec.js",
      "file": "cypress/integration/05-checkout.spec.js",
      "beforeHooks": [],
      "afterHooks": [],
      "tests": [],
      "suites": [
        {
          "uuid": "346cc82c-7721-42cf-b583-fc8a136ad5d6",
          "title": "Testes Front Mercado Online - CHECKOUT",
          "fullFile": "",
          "file": "",
          "beforeHooks": [],
          "afterHooks": [],
          "tests": [],
          "suites": [
            {
              "uuid": "f19448b9-8b4e-4096-8f81-5a3469e3d93c",
              "title": "Testes de checkout/Positivos",
              "fullFile": "",
              "file": "",
              "beforeHooks": [],
              "afterHooks": [],
              "tests": [
                {
                  "title": "Deve adicionar itens ao carrinho e realizar checkout com sucesso",
                  "fullTitle": "Testes Front Mercado Online - CHECKOUT Testes de checkout/Positivos Deve adicionar itens ao carrinho e realizar checkout com sucesso",
                  "timedOut": null,
                  "duration": 42605,
                  "state": "passed",
                  "speed": "slow",
                  "pass": true,
                  "fail": false,
                  "pending": false,
                  "context": null,
                  "code": "_mercado_checkout.default.finalizarCompra();\n_mercado_checkout.default.realizarCheckout();",
                  "err": {},
                  "uuid": "a56ea6c2-30de-4f79-beab-e99a36581691",
                  "parentUUID": "f19448b9-8b4e-4096-8f81-5a3469e3d93c",
                  "isHook": false,
                  "skipped": false
                }
              ],
              "suites": [],
              "passes": [
                "a56ea6c2-30de-4f79-beab-e99a36581691"
              ],
              "failures": [],
              "pending": [],
              "skipped": [],
              "duration": 42605,
              "root": false,
              "rootEmpty": false,
              "_timeout": 2000
            },
            {
              "uuid": "b414c673-dccf-433d-a95e-800efb1365f9",
              "title": "Testes de checkout/Negativos",
              "fullFile": "",
              "file": "",
              "beforeHooks": [],
              "afterHooks": [],
              "tests": [
                {
                  "title": "Deve adicionar itens ao carrinho e inserir email inexistente no checkout",
                  "fullTitle": "Testes Front Mercado Online - CHECKOUT Testes de checkout/Negativos Deve adicionar itens ao carrinho e inserir email inexistente no checkout",
                  "timedOut": null,
                  "duration": 37263,
                  "state": "passed",
                  "speed": "slow",
                  "pass": true,
                  "fail": false,
                  "pending": false,
                  "context": null,
                  "code": "_mercado_checkout.default.emailInexistente();",
                  "err": {},
                  "uuid": "497b1d27-0f3a-4620-9648-8318eee06fb0",
                  "parentUUID": "b414c673-dccf-433d-a95e-800efb1365f9",
                  "isHook": false,
                  "skipped": false
                }
              ],
              "suites": [],
              "passes": [
                "497b1d27-0f3a-4620-9648-8318eee06fb0"
              ],
              "failures": [],
              "pending": [],
              "skipped": [],
              "duration": 37263,
              "root": false,
              "rootEmpty": false,
              "_timeout": 2000
            }
          ],
          "passes": [],
          "failures": [],
          "pending": [],
          "skipped": [],
          "duration": 0,
          "root": false,
          "rootEmpty": false,
          "_timeout": 2000
        }
      ],
      "passes": [],
      "failures": [],
      "pending": [],
      "skipped": [],
      "duration": 0,
      "root": true,
      "rootEmpty": true,
      "_timeout": 2000
    }
  ],
  "meta": {
    "mocha": {
      "version": "7.0.1"
    },
    "mochawesome": {
      "options": {
        "quiet": false,
        "reportFilename": "mochawesome",
        "saveHtml": false,
        "saveJson": true,
        "consoleReporter": "spec",
        "useInlineDiffs": false,
        "code": true
      },
      "version": "7.0.1"
    },
    "marge": {
      "options": {
        "reportDir": "cypress/report/mochawesome-report",
        "overwrite": false,
        "html": false,
        "json": true,
        "timestamp": "yyyymmdd_HHMMss",
        "reportTitle": "Relatório",
        "cdn": true,
        "charts": true
      },
      "version": "6.0.1"
    }
  }
}