{
  "stats": {
    "suites": 3,
    "tests": 2,
    "passes": 2,
    "pending": 0,
    "failures": 0,
    "start": "2021-11-24T20:11:21.724Z",
    "end": "2021-11-24T20:12:16.415Z",
    "duration": 54691,
    "testsRegistered": 2,
    "passPercent": 100,
    "pendingPercent": 0,
    "other": 0,
    "hasOther": false,
    "skipped": 0,
    "hasSkipped": false
  },
  "results": [
    {
      "uuid": "b07fa2b0-f609-487e-a244-4ff6cfc1228a",
      "title": "",
      "fullFile": "cypress/integration/02-endereco.spec.js",
      "file": "cypress/integration/02-endereco.spec.js",
      "beforeHooks": [],
      "afterHooks": [],
      "tests": [],
      "suites": [
        {
          "uuid": "bb711dd5-20f6-45a0-89d4-6d6c508cbcad",
          "title": "Testes Front Mercado Online - CADASTRAO DE ENDERECOS",
          "fullFile": "",
          "file": "",
          "beforeHooks": [],
          "afterHooks": [],
          "tests": [],
          "suites": [
            {
              "uuid": "614c6c9a-744e-403e-9ee7-b77283fe2288",
              "title": "Testes cadastro de enderecos/Positivos",
              "fullFile": "",
              "file": "",
              "beforeHooks": [],
              "afterHooks": [],
              "tests": [
                {
                  "title": "Deve adicionar um endereco com sucesso",
                  "fullTitle": "Testes Front Mercado Online - CADASTRAO DE ENDERECOS Testes cadastro de enderecos/Positivos Deve adicionar um endereco com sucesso",
                  "timedOut": null,
                  "duration": 29769,
                  "state": "passed",
                  "speed": "slow",
                  "pass": true,
                  "fail": false,
                  "pending": false,
                  "context": null,
                  "code": "_mercado_endereco.default.verificaEndereco();\n_mercado_endereco.default.cadastroEndereco();",
                  "err": {},
                  "uuid": "d1992ea6-4321-4a2c-b33f-a4c8055ea90f",
                  "parentUUID": "614c6c9a-744e-403e-9ee7-b77283fe2288",
                  "isHook": false,
                  "skipped": false
                }
              ],
              "suites": [],
              "passes": [
                "d1992ea6-4321-4a2c-b33f-a4c8055ea90f"
              ],
              "failures": [],
              "pending": [],
              "skipped": [],
              "duration": 29769,
              "root": false,
              "rootEmpty": false,
              "_timeout": 2000
            },
            {
              "uuid": "544a5b72-c75f-4417-8fc2-aa09f1b7b8d7",
              "title": "Testes cadastro de enderecos/Negativos",
              "fullFile": "",
              "file": "",
              "beforeHooks": [],
              "afterHooks": [],
              "tests": [
                {
                  "title": "Deve adicionar um endereco com cep invalido",
                  "fullTitle": "Testes Front Mercado Online - CADASTRAO DE ENDERECOS Testes cadastro de enderecos/Negativos Deve adicionar um endereco com cep invalido",
                  "timedOut": null,
                  "duration": 24672,
                  "state": "passed",
                  "speed": "slow",
                  "pass": true,
                  "fail": false,
                  "pending": false,
                  "context": null,
                  "code": "_mercado_endereco.default.verificaEndereco();\n_mercado_endereco.default.cadastroEnderecoInvalido();",
                  "err": {},
                  "uuid": "e4af624b-7635-4c17-b154-bbff8b5483d3",
                  "parentUUID": "544a5b72-c75f-4417-8fc2-aa09f1b7b8d7",
                  "isHook": false,
                  "skipped": false
                }
              ],
              "suites": [],
              "passes": [
                "e4af624b-7635-4c17-b154-bbff8b5483d3"
              ],
              "failures": [],
              "pending": [],
              "skipped": [],
              "duration": 24672,
              "root": false,
              "rootEmpty": false,
              "_timeout": 2000
            }
          ],
          "passes": [],
          "failures": [],
          "pending": [],
          "skipped": [],
          "duration": 0,
          "root": false,
          "rootEmpty": false,
          "_timeout": 2000
        }
      ],
      "passes": [],
      "failures": [],
      "pending": [],
      "skipped": [],
      "duration": 0,
      "root": true,
      "rootEmpty": true,
      "_timeout": 2000
    }
  ],
  "meta": {
    "mocha": {
      "version": "7.0.1"
    },
    "mochawesome": {
      "options": {
        "quiet": false,
        "reportFilename": "mochawesome",
        "saveHtml": false,
        "saveJson": true,
        "consoleReporter": "spec",
        "useInlineDiffs": false,
        "code": true
      },
      "version": "7.0.1"
    },
    "marge": {
      "options": {
        "reportDir": "cypress/report/mochawesome-report",
        "overwrite": false,
        "html": false,
        "json": true,
        "timestamp": "yyyymmdd_HHMMss",
        "reportTitle": "Relatório",
        "cdn": true,
        "charts": true
      },
      "version": "6.0.1"
    }
  }
}