{
  "stats": {
    "suites": 3,
    "tests": 2,
    "passes": 2,
    "pending": 0,
    "failures": 0,
    "start": "2021-11-24T20:12:45.922Z",
    "end": "2021-11-24T20:13:44.444Z",
    "duration": 58522,
    "testsRegistered": 2,
    "passPercent": 100,
    "pendingPercent": 0,
    "other": 0,
    "hasOther": false,
    "skipped": 0,
    "hasSkipped": false
  },
  "results": [
    {
      "uuid": "7bf3dea7-5de5-4fe7-aaa0-a248098b61e0",
      "title": "",
      "fullFile": "cypress/integration/04-carrinho.spec.js",
      "file": "cypress/integration/04-carrinho.spec.js",
      "beforeHooks": [],
      "afterHooks": [],
      "tests": [],
      "suites": [
        {
          "uuid": "5a8a7a56-da7e-4efd-8098-ca8aad61274f",
          "title": "Testes Front Mercado Online - CARRINHO",
          "fullFile": "",
          "file": "",
          "beforeHooks": [],
          "afterHooks": [],
          "tests": [],
          "suites": [
            {
              "uuid": "2d9a7ada-5810-44cb-8e90-aaafe76f2880",
              "title": "Testes de carrinho/Positivos",
              "fullFile": "",
              "file": "",
              "beforeHooks": [],
              "afterHooks": [],
              "tests": [
                {
                  "title": "Deve adicionar itens ao carrinho e realizar validações no modal e na página do carrinho com sucesso",
                  "fullTitle": "Testes Front Mercado Online - CARRINHO Testes de carrinho/Positivos Deve adicionar itens ao carrinho e realizar validações no modal e na página do carrinho com sucesso",
                  "timedOut": null,
                  "duration": 33797,
                  "state": "passed",
                  "speed": "slow",
                  "pass": true,
                  "fail": false,
                  "pending": false,
                  "context": null,
                  "code": "_mercado_carrinho.default.adicionarItemCarrinho();\n_mercado_carrinho.default.modalCarrinho();\n_mercado_carrinho.default.paginaCarrinho();",
                  "err": {},
                  "uuid": "29bcfee2-16a9-40a5-82ac-66a2f60180a9",
                  "parentUUID": "2d9a7ada-5810-44cb-8e90-aaafe76f2880",
                  "isHook": false,
                  "skipped": false
                }
              ],
              "suites": [],
              "passes": [
                "29bcfee2-16a9-40a5-82ac-66a2f60180a9"
              ],
              "failures": [],
              "pending": [],
              "skipped": [],
              "duration": 33797,
              "root": false,
              "rootEmpty": false,
              "_timeout": 2000
            },
            {
              "uuid": "0e71eef6-b006-4cb6-8391-c8b85d7a69eb",
              "title": "Testes de carrinho/Negativos",
              "fullFile": "",
              "file": "",
              "beforeHooks": [],
              "afterHooks": [],
              "tests": [
                {
                  "title": "Deve adicionar itens ao carrinho e inserir um CEP inválido no frete",
                  "fullTitle": "Testes Front Mercado Online - CARRINHO Testes de carrinho/Negativos Deve adicionar itens ao carrinho e inserir um CEP inválido no frete",
                  "timedOut": null,
                  "duration": 24422,
                  "state": "passed",
                  "speed": "slow",
                  "pass": true,
                  "fail": false,
                  "pending": false,
                  "context": null,
                  "code": "_mercado_carrinho.default.compraCepInvalido();",
                  "err": {},
                  "uuid": "1cc90ff2-b149-42b5-86af-0fdc1f759547",
                  "parentUUID": "0e71eef6-b006-4cb6-8391-c8b85d7a69eb",
                  "isHook": false,
                  "skipped": false
                }
              ],
              "suites": [],
              "passes": [
                "1cc90ff2-b149-42b5-86af-0fdc1f759547"
              ],
              "failures": [],
              "pending": [],
              "skipped": [],
              "duration": 24422,
              "root": false,
              "rootEmpty": false,
              "_timeout": 2000
            }
          ],
          "passes": [],
          "failures": [],
          "pending": [],
          "skipped": [],
          "duration": 0,
          "root": false,
          "rootEmpty": false,
          "_timeout": 2000
        }
      ],
      "passes": [],
      "failures": [],
      "pending": [],
      "skipped": [],
      "duration": 0,
      "root": true,
      "rootEmpty": true,
      "_timeout": 2000
    }
  ],
  "meta": {
    "mocha": {
      "version": "7.0.1"
    },
    "mochawesome": {
      "options": {
        "quiet": false,
        "reportFilename": "mochawesome",
        "saveHtml": false,
        "saveJson": true,
        "consoleReporter": "spec",
        "useInlineDiffs": false,
        "code": true
      },
      "version": "7.0.1"
    },
    "marge": {
      "options": {
        "reportDir": "cypress/report/mochawesome-report",
        "overwrite": false,
        "html": false,
        "json": true,
        "timestamp": "yyyymmdd_HHMMss",
        "reportTitle": "Relatório",
        "cdn": true,
        "charts": true
      },
      "version": "6.0.1"
    }
  }
}