{
  "stats": {
    "suites": 3,
    "tests": 3,
    "passes": 3,
    "pending": 0,
    "failures": 0,
    "start": "2021-11-24T20:09:10.554Z",
    "end": "2021-11-24T20:10:58.504Z",
    "duration": 107950,
    "testsRegistered": 3,
    "passPercent": 100,
    "pendingPercent": 0,
    "other": 0,
    "hasOther": false,
    "skipped": 0,
    "hasSkipped": false
  },
  "results": [
    {
      "uuid": "b5bf8026-106c-4c07-8dbf-8e275f4ecca0",
      "title": "",
      "fullFile": "cypress/integration/01-cdusuario.spec.js",
      "file": "cypress/integration/01-cdusuario.spec.js",
      "beforeHooks": [],
      "afterHooks": [],
      "tests": [],
      "suites": [
        {
          "uuid": "1d1afdc2-1fd2-4dc4-b17b-e58ca5eb3e3c",
          "title": "Testes Front Mercado Online - CADASTRO DE USUARIO",
          "fullFile": "",
          "file": "",
          "beforeHooks": [],
          "afterHooks": [],
          "tests": [],
          "suites": [
            {
              "uuid": "54908f0c-af9d-4052-be13-16279062e5c6",
              "title": "Testes cadastro de usuário/Positivos",
              "fullFile": "",
              "file": "",
              "beforeHooks": [],
              "afterHooks": [],
              "tests": [
                {
                  "title": "Deve verificar se os campos para cadastro de pessoa física estão adequados",
                  "fullTitle": "Testes Front Mercado Online - CADASTRO DE USUARIO Testes cadastro de usuário/Positivos Deve verificar se os campos para cadastro de pessoa física estão adequados",
                  "timedOut": null,
                  "duration": 47088,
                  "state": "passed",
                  "speed": "slow",
                  "pass": true,
                  "fail": false,
                  "pending": false,
                  "context": null,
                  "code": "_mercado_cdusuario.default.verificarCadastroPessoaFisica();",
                  "err": {},
                  "uuid": "24e38257-3f15-47eb-b407-90e616ac80ab",
                  "parentUUID": "54908f0c-af9d-4052-be13-16279062e5c6",
                  "isHook": false,
                  "skipped": false
                },
                {
                  "title": "Deve realizar o cadastro de uma pessoa física com sucesso",
                  "fullTitle": "Testes Front Mercado Online - CADASTRO DE USUARIO Testes cadastro de usuário/Positivos Deve realizar o cadastro de uma pessoa física com sucesso",
                  "timedOut": null,
                  "duration": 48763,
                  "state": "passed",
                  "speed": "slow",
                  "pass": true,
                  "fail": false,
                  "pending": false,
                  "context": null,
                  "code": "_mercado_cdusuario.default.realizarCadastroPessoaFisica();\ncy.wait(5000);",
                  "err": {},
                  "uuid": "bbaf93a6-5a28-4095-ab9e-ce6531c9783e",
                  "parentUUID": "54908f0c-af9d-4052-be13-16279062e5c6",
                  "isHook": false,
                  "skipped": false
                }
              ],
              "suites": [],
              "passes": [
                "24e38257-3f15-47eb-b407-90e616ac80ab",
                "bbaf93a6-5a28-4095-ab9e-ce6531c9783e"
              ],
              "failures": [],
              "pending": [],
              "skipped": [],
              "duration": 95851,
              "root": false,
              "rootEmpty": false,
              "_timeout": 2000
            },
            {
              "uuid": "cd2faa4c-70d0-41d0-bf51-5b43e5269235",
              "title": "Testes cadastro de usuário/Negativos",
              "fullFile": "",
              "file": "",
              "beforeHooks": [],
              "afterHooks": [],
              "tests": [
                {
                  "title": "Deve realizar o cadastro de uma pessoa com cpf inválido",
                  "fullTitle": "Testes Front Mercado Online - CADASTRO DE USUARIO Testes cadastro de usuário/Negativos Deve realizar o cadastro de uma pessoa com cpf inválido",
                  "timedOut": null,
                  "duration": 11626,
                  "state": "passed",
                  "speed": "slow",
                  "pass": true,
                  "fail": false,
                  "pending": false,
                  "context": null,
                  "code": "_mercado_cdusuario.default.campoCpfInvalido();",
                  "err": {},
                  "uuid": "965efa20-360b-497c-a804-87c4b7e8bd1d",
                  "parentUUID": "cd2faa4c-70d0-41d0-bf51-5b43e5269235",
                  "isHook": false,
                  "skipped": false
                }
              ],
              "suites": [],
              "passes": [
                "965efa20-360b-497c-a804-87c4b7e8bd1d"
              ],
              "failures": [],
              "pending": [],
              "skipped": [],
              "duration": 11626,
              "root": false,
              "rootEmpty": false,
              "_timeout": 2000
            }
          ],
          "passes": [],
          "failures": [],
          "pending": [],
          "skipped": [],
          "duration": 0,
          "root": false,
          "rootEmpty": false,
          "_timeout": 2000
        }
      ],
      "passes": [],
      "failures": [],
      "pending": [],
      "skipped": [],
      "duration": 0,
      "root": true,
      "rootEmpty": true,
      "_timeout": 2000
    }
  ],
  "meta": {
    "mocha": {
      "version": "7.0.1"
    },
    "mochawesome": {
      "options": {
        "quiet": false,
        "reportFilename": "mochawesome",
        "saveHtml": false,
        "saveJson": true,
        "consoleReporter": "spec",
        "useInlineDiffs": false,
        "code": true
      },
      "version": "7.0.1"
    },
    "marge": {
      "options": {
        "reportDir": "cypress/report/mochawesome-report",
        "overwrite": false,
        "html": false,
        "json": true,
        "timestamp": "yyyymmdd_HHMMss",
        "reportTitle": "Relatório",
        "cdn": true,
        "charts": true
      },
      "version": "6.0.1"
    }
  }
}