{
  "stats": {
    "suites": 3,
    "tests": 2,
    "passes": 2,
    "pending": 0,
    "failures": 0,
    "start": "2021-11-24T20:12:19.855Z",
    "end": "2021-11-24T20:12:42.523Z",
    "duration": 22668,
    "testsRegistered": 2,
    "passPercent": 100,
    "pendingPercent": 0,
    "other": 0,
    "hasOther": false,
    "skipped": 0,
    "hasSkipped": false
  },
  "results": [
    {
      "uuid": "ee18abfc-ddfc-42d1-aaa2-a36e2a29ff61",
      "title": "",
      "fullFile": "cypress/integration/03-login.spec.js",
      "file": "cypress/integration/03-login.spec.js",
      "beforeHooks": [],
      "afterHooks": [],
      "tests": [],
      "suites": [
        {
          "uuid": "d5b46c0d-5e7b-40ce-98d5-6592ec9460d8",
          "title": "Testes Front Mercado Online - LOGIN",
          "fullFile": "",
          "file": "",
          "beforeHooks": [],
          "afterHooks": [],
          "tests": [],
          "suites": [
            {
              "uuid": "b5c6a9b2-2bf1-422a-9e16-fba372844b69",
              "title": "Testes de login/Positivos",
              "fullFile": "",
              "file": "",
              "beforeHooks": [],
              "afterHooks": [],
              "tests": [
                {
                  "title": "Deve realizar login no sistema com sucesso",
                  "fullTitle": "Testes Front Mercado Online - LOGIN Testes de login/Positivos Deve realizar login no sistema com sucesso",
                  "timedOut": null,
                  "duration": 12231,
                  "state": "passed",
                  "speed": "slow",
                  "pass": true,
                  "fail": false,
                  "pending": false,
                  "context": null,
                  "code": "_mercado_login.default.verificarLogin();\n_mercado_login.default.realizarLogin();",
                  "err": {},
                  "uuid": "2cf22555-b9ac-4738-b1b8-702d4df0dfce",
                  "parentUUID": "b5c6a9b2-2bf1-422a-9e16-fba372844b69",
                  "isHook": false,
                  "skipped": false
                }
              ],
              "suites": [],
              "passes": [
                "2cf22555-b9ac-4738-b1b8-702d4df0dfce"
              ],
              "failures": [],
              "pending": [],
              "skipped": [],
              "duration": 12231,
              "root": false,
              "rootEmpty": false,
              "_timeout": 2000
            },
            {
              "uuid": "d7525f87-0f04-454b-a83d-8cc1f48344c4",
              "title": "Testes de login/Negativos",
              "fullFile": "",
              "file": "",
              "beforeHooks": [],
              "afterHooks": [],
              "tests": [
                {
                  "title": "Deve realizar login no sistema com usuário inexistente",
                  "fullTitle": "Testes Front Mercado Online - LOGIN Testes de login/Negativos Deve realizar login no sistema com usuário inexistente",
                  "timedOut": null,
                  "duration": 10323,
                  "state": "passed",
                  "speed": "slow",
                  "pass": true,
                  "fail": false,
                  "pending": false,
                  "context": null,
                  "code": "_mercado_login.default.falhaLogin();",
                  "err": {},
                  "uuid": "3ff8401d-014e-48e7-8372-f9ef9b8541b2",
                  "parentUUID": "d7525f87-0f04-454b-a83d-8cc1f48344c4",
                  "isHook": false,
                  "skipped": false
                }
              ],
              "suites": [],
              "passes": [
                "3ff8401d-014e-48e7-8372-f9ef9b8541b2"
              ],
              "failures": [],
              "pending": [],
              "skipped": [],
              "duration": 10323,
              "root": false,
              "rootEmpty": false,
              "_timeout": 2000
            }
          ],
          "passes": [],
          "failures": [],
          "pending": [],
          "skipped": [],
          "duration": 0,
          "root": false,
          "rootEmpty": false,
          "_timeout": 2000
        }
      ],
      "passes": [],
      "failures": [],
      "pending": [],
      "skipped": [],
      "duration": 0,
      "root": true,
      "rootEmpty": true,
      "_timeout": 2000
    }
  ],
  "meta": {
    "mocha": {
      "version": "7.0.1"
    },
    "mochawesome": {
      "options": {
        "quiet": false,
        "reportFilename": "mochawesome",
        "saveHtml": false,
        "saveJson": true,
        "consoleReporter": "spec",
        "useInlineDiffs": false,
        "code": true
      },
      "version": "7.0.1"
    },
    "marge": {
      "options": {
        "reportDir": "cypress/report/mochawesome-report",
        "overwrite": false,
        "html": false,
        "json": true,
        "timestamp": "yyyymmdd_HHMMss",
        "reportTitle": "Relatório",
        "cdn": true,
        "charts": true
      },
      "version": "6.0.1"
    }
  }
}